# JRE version: OpenJDK Runtime Environment (8.0_66-b17) (build 1.8.0_66-b17)
# Java VM: OpenJDK 64-Bit Server VM (25.66-b17 mixed mode linux-amd64 compressed oops)
Heap:
 PSYoungGen      total 233472K, used 15903K [0x00000000eab00000, 0x0000000100000000, 0x0000000100000000)
  eden space 162816K, 0% used [0x00000000eab00000,0x00000000eab00000,0x00000000f4a00000)
  from space 70656K, 22% used [0x00000000fbb00000,0x00000000fca87de8,0x0000000100000000)
  to   space 93184K, 0% used [0x00000000f4a00000,0x00000000f4a00000,0x00000000fa500000)
 ParOldGen       total 271872K, used 271484K [0x00000000c0000000, 0x00000000d0980000, 0x00000000eab00000)
  object space 271872K, 99% used [0x00000000c0000000,0x00000000d091f070,0x00000000d0980000)
 Metaspace       used 6524K, capacity 7280K, committed 7552K, reserved 1056768K
  class space    used 593K, capacity 616K, committed 640K, reserved 1048576K
GC Heap History (10 events):
Event: 5.498 GC heap after
Heap after GC invocations=15 (full 2):
 PSYoungGen      total 262656K, used 33942K [0x00000000eab00000, 0x0000000100000000, 0x0000000100000000)
  eden space 228352K, 0% used [0x00000000eab00000,0x00000000eab00000,0x00000000f8a00000)
  from space 34304K, 98% used [0x00000000f8a00000,0x00000000fab25af0,0x00000000fab80000)
  to   space 60928K, 0% used [0x00000000fc480000,0x00000000fc480000,0x0000000100000000)
 ParOldGen       total 168448K, used 166444K [0x00000000c0000000, 0x00000000ca480000, 0x00000000eab00000)
  object space 168448K, 98% used [0x00000000c0000000,0x00000000ca28b0a0,0x00000000ca480000)
 Metaspace       used 6497K, capacity 7280K, committed 7552K, reserved 1056768K
  class space    used 593K, capacity 616K, committed 640K, reserved 1048576K
}
Event: 5.498 GC heap before
{Heap before GC invocations=16 (full 3):
 PSYoungGen      total 262656K, used 33942K [0x00000000eab00000, 0x0000000100000000, 0x0000000100000000)
  eden space 228352K, 0% used [0x00000000eab00000,0x00000000eab00000,0x00000000f8a00000)
  from space 34304K, 98% used [0x00000000f8a00000,0x00000000fab25af0,0x00000000fab80000)
  to   space 60928K, 0% used [0x00000000fc480000,0x00000000fc480000,0x0000000100000000)
 ParOldGen       total 168448K, used 166444K [0x00000000c0000000, 0x00000000ca480000, 0x00000000eab00000)
  object space 168448K, 98% used [0x00000000c0000000,0x00000000ca28b0a0,0x00000000ca480000)
 Metaspace       used 6497K, capacity 7280K, committed 7552K, reserved 1056768K
  class space    used 593K, capacity 616K, committed 640K, reserved 1048576K
Event: 6.151 GC heap after
Heap after GC invocations=16 (full 3):
 PSYoungGen      total 262656K, used 26007K [0x00000000eab00000, 0x0000000100000000, 0x0000000100000000)
  eden space 228352K, 0% used [0x00000000eab00000,0x00000000eab00000,0x00000000f8a00000)
  from space 34304K, 75% used [0x00000000f8a00000,0x00000000fa365ef0,0x00000000fab80000)
  to   space 60928K, 0% used [0x00000000fc480000,0x00000000fc480000,0x0000000100000000)
 ParOldGen       total 271872K, used 168102K [0x00000000c0000000, 0x00000000d0980000, 0x00000000eab00000)
  object space 271872K, 61% used [0x00000000c0000000,0x00000000ca429ae8,0x00000000d0980000)
 Metaspace       used 6497K, capacity 7280K, committed 7552K, reserved 1056768K
  class space    used 593K, capacity 616K, committed 640K, reserved 1048576K
}
Event: 6.568 GC heap before
{Heap before GC invocations=17 (full 3):
 PSYoungGen      total 262656K, used 254359K [0x00000000eab00000, 0x0000000100000000, 0x0000000100000000)
  eden space 228352K, 100% used [0x00000000eab00000,0x00000000f8a00000,0x00000000f8a00000)
  from space 34304K, 75% used [0x00000000f8a00000,0x00000000fa365ef0,0x00000000fab80000)
  to   space 60928K, 0% used [0x00000000fc480000,0x00000000fc480000,0x0000000100000000)
 ParOldGen       total 271872K, used 168102K [0x00000000c0000000, 0x00000000d0980000, 0x00000000eab00000)
  object space 271872K, 61% used [0x00000000c0000000,0x00000000ca429ae8,0x00000000d0980000)
 Metaspace       used 6511K, capacity 7280K, committed 7552K, reserved 1056768K
  class space    used 593K, capacity 616K, committed 640K, reserved 1048576K
Event: 6.652 GC heap after
Heap after GC invocations=17 (full 3):
 PSYoungGen      total 268800K, used 58891K [0x00000000eab00000, 0x0000000100000000, 0x0000000100000000)
  eden space 207872K, 0% used [0x00000000eab00000,0x00000000eab00000,0x00000000f7600000)
  from space 60928K, 96% used [0x00000000fc480000,0x00000000ffe02f70,0x0000000100000000)
  to   space 70656K, 0% used [0x00000000f7600000,0x00000000f7600000,0x00000000fbb00000)
 ParOldGen       total 271872K, used 168110K [0x00000000c0000000, 0x00000000d0980000, 0x00000000eab00000)
  object space 271872K, 61% used [0x00000000c0000000,0x00000000ca42bae8,0x00000000d0980000)
 Metaspace       used 6511K, capacity 7280K, committed 7552K, reserved 1056768K
  class space    used 593K, capacity 616K, committed 640K, reserved 1048576K
}
Event: 7.002 GC heap before
{Heap before GC invocations=18 (full 3):
 PSYoungGen      total 268800K, used 266763K [0x00000000eab00000, 0x0000000100000000, 0x0000000100000000)
  eden space 207872K, 100% used [0x00000000eab00000,0x00000000f7600000,0x00000000f7600000)
  from space 60928K, 96% used [0x00000000fc480000,0x00000000ffe02f70,0x0000000100000000)
  to   space 70656K, 0% used [0x00000000f7600000,0x00000000f7600000,0x00000000fbb00000)
 ParOldGen       total 271872K, used 168110K [0x00000000c0000000, 0x00000000d0980000, 0x00000000eab00000)
  object space 271872K, 61% used [0x00000000c0000000,0x00000000ca42bae8,0x00000000d0980000)
 Metaspace       used 6522K, capacity 7280K, committed 7552K, reserved 1056768K
  class space    used 593K, capacity 616K, committed 640K, reserved 1048576K
Event: 7.077 GC heap after
Heap after GC invocations=18 (full 3):
 PSYoungGen      total 278528K, used 70639K [0x00000000eab00000, 0x0000000100000000, 0x0000000100000000)
  eden space 207872K, 0% used [0x00000000eab00000,0x00000000eab00000,0x00000000f7600000)
  from space 70656K, 99% used [0x00000000f7600000,0x00000000fbafbc68,0x00000000fbb00000)
  to   space 70656K, 0% used [0x00000000fbb00000,0x00000000fbb00000,0x0000000100000000)
 ParOldGen       total 271872K, used 185860K [0x00000000c0000000, 0x00000000d0980000, 0x00000000eab00000)
  object space 271872K, 68% used [0x00000000c0000000,0x00000000cb581280,0x00000000d0980000)
 Metaspace       used 6522K, capacity 7280K, committed 7552K, reserved 1056768K
  class space    used 593K, capacity 616K, committed 640K, reserved 1048576K
}
Event: 7.411 GC heap before
{Heap before GC invocations=19 (full 3):
 PSYoungGen      total 278528K, used 278511K [0x00000000eab00000, 0x0000000100000000, 0x0000000100000000)
  eden space 207872K, 100% used [0x00000000eab00000,0x00000000f7600000,0x00000000f7600000)
  from space 70656K, 99% used [0x00000000f7600000,0x00000000fbafbc68,0x00000000fbb00000)
  to   space 70656K, 0% used [0x00000000fbb00000,0x00000000fbb00000,0x0000000100000000)
 ParOldGen       total 271872K, used 185860K [0x00000000c0000000, 0x00000000d0980000, 0x00000000eab00000)
  object space 271872K, 68% used [0x00000000c0000000,0x00000000cb581280,0x00000000d0980000)
 Metaspace       used 6524K, capacity 7280K, committed 7552K, reserved 1056768K
  class space    used 593K, capacity 616K, committed 640K, reserved 1048576K
Event: 7.544 GC heap after
Heap after GC invocations=19 (full 3):
 PSYoungGen      total 233472K, used 59654K [0x00000000eab00000, 0x0000000100000000, 0x0000000100000000)
  eden space 162816K, 0% used [0x00000000eab00000,0x00000000eab00000,0x00000000f4a00000)
  from space 70656K, 84% used [0x00000000fbb00000,0x00000000ff5418b0,0x0000000100000000)
  to   space 93184K, 0% used [0x00000000f4a00000,0x00000000f4a00000,0x00000000fa500000)
 ParOldGen       total 271872K, used 230241K [0x00000000c0000000, 0x00000000d0980000, 0x00000000eab00000)
  object space 271872K, 84% used [0x00000000c0000000,0x00000000ce0d86a0,0x00000000d0980000)
 Metaspace       used 6524K, capacity 7280K, committed 7552K, reserved 1056768K
  class space    used 593K, capacity 616K, committed 640K, reserved 1048576K
}
Event: 7.544 GC heap before
{Heap before GC invocations=20 (full 4):
 PSYoungGen      total 233472K, used 59654K [0x00000000eab00000, 0x0000000100000000, 0x0000000100000000)
  eden space 162816K, 0% used [0x00000000eab00000,0x00000000eab00000,0x00000000f4a00000)
  from space 70656K, 84% used [0x00000000fbb00000,0x00000000ff5418b0,0x0000000100000000)
  to   space 93184K, 0% used [0x00000000f4a00000,0x00000000f4a00000,0x00000000fa500000)
 ParOldGen       total 271872K, used 230241K [0x00000000c0000000, 0x00000000d0980000, 0x00000000eab00000)
  object space 271872K, 84% used [0x00000000c0000000,0x00000000ce0d86a0,0x00000000d0980000)
 Metaspace       used 6524K, capacity 7280K, committed 7552K, reserved 1056768K
  class space    used 593K, capacity 616K, committed 640K, reserved 1048576K

