# JRE version: OpenJDK Runtime Environment (8.0_66-b17) (build 1.8.0_66-b17)
# Java VM: OpenJDK 64-Bit Server VM (25.66-b17 mixed mode linux-amd64 compressed oops)
Heap:
 PSYoungGen      total 276480K, used 1881K [0x00000000eab00000, 0x0000000100000000, 0x0000000100000000)
  eden space 203776K, 0% used [0x00000000eab00000,0x00000000eab00000,0x00000000f7200000)
  from space 72704K, 2% used [0x00000000f7200000,0x00000000f73d67f0,0x00000000fb900000)
  to   space 70656K, 0% used [0x00000000fbb00000,0x00000000fbb00000,0x0000000100000000)
 ParOldGen       total 317952K, used 317896K [0x00000000c0000000, 0x00000000d3680000, 0x00000000eab00000)
  object space 317952K, 99% used [0x00000000c0000000,0x00000000d3672188,0x00000000d3680000)
 Metaspace       used 6514K, capacity 7280K, committed 7552K, reserved 1056768K
  class space    used 593K, capacity 616K, committed 640K, reserved 1048576K
GC Heap History (10 events):
Event: 6.965 GC heap after
Heap after GC invocations=19 (full 3):
 PSYoungGen      total 288256K, used 37576K [0x00000000eab00000, 0x0000000100000000, 0x0000000100000000)
  eden space 232448K, 0% used [0x00000000eab00000,0x00000000eab00000,0x00000000f8e00000)
  from space 55808K, 67% used [0x00000000fc980000,0x00000000fee32068,0x0000000100000000)
  to   space 58368K, 0% used [0x00000000f8e00000,0x00000000f8e00000,0x00000000fc700000)
 ParOldGen       total 216576K, used 187125K [0x00000000c0000000, 0x00000000cd380000, 0x00000000eab00000)
  object space 216576K, 86% used [0x00000000c0000000,0x00000000cb6bd738,0x00000000cd380000)
 Metaspace       used 6498K, capacity 7216K, committed 7296K, reserved 1056768K
  class space    used 593K, capacity 616K, committed 640K, reserved 1048576K
}
Event: 6.965 GC heap before
{Heap before GC invocations=20 (full 4):
 PSYoungGen      total 288256K, used 37576K [0x00000000eab00000, 0x0000000100000000, 0x0000000100000000)
  eden space 232448K, 0% used [0x00000000eab00000,0x00000000eab00000,0x00000000f8e00000)
  from space 55808K, 67% used [0x00000000fc980000,0x00000000fee32068,0x0000000100000000)
  to   space 58368K, 0% used [0x00000000f8e00000,0x00000000f8e00000,0x00000000fc700000)
 ParOldGen       total 216576K, used 187125K [0x00000000c0000000, 0x00000000cd380000, 0x00000000eab00000)
  object space 216576K, 86% used [0x00000000c0000000,0x00000000cb6bd738,0x00000000cd380000)
 Metaspace       used 6498K, capacity 7216K, committed 7296K, reserved 1056768K
  class space    used 593K, capacity 616K, committed 640K, reserved 1048576K
Event: 8.093 GC heap after
Heap after GC invocations=20 (full 4):
 PSYoungGen      total 288256K, used 6600K [0x00000000eab00000, 0x0000000100000000, 0x0000000100000000)
  eden space 232448K, 0% used [0x00000000eab00000,0x00000000eab00000,0x00000000f8e00000)
  from space 55808K, 11% used [0x00000000fc980000,0x00000000fcff2258,0x0000000100000000)
  to   space 58368K, 0% used [0x00000000f8e00000,0x00000000f8e00000,0x00000000fc700000)
 ParOldGen       total 317952K, used 216087K [0x00000000c0000000, 0x00000000d3680000, 0x00000000eab00000)
  object space 317952K, 67% used [0x00000000c0000000,0x00000000cd305ed0,0x00000000d3680000)
 Metaspace       used 6498K, capacity 7216K, committed 7296K, reserved 1056768K
  class space    used 593K, capacity 616K, committed 640K, reserved 1048576K
}
Event: 8.630 GC heap before
{Heap before GC invocations=21 (full 4):
 PSYoungGen      total 288256K, used 239048K [0x00000000eab00000, 0x0000000100000000, 0x0000000100000000)
  eden space 232448K, 100% used [0x00000000eab00000,0x00000000f8e00000,0x00000000f8e00000)
  from space 55808K, 11% used [0x00000000fc980000,0x00000000fcff2258,0x0000000100000000)
  to   space 58368K, 0% used [0x00000000f8e00000,0x00000000f8e00000,0x00000000fc700000)
 ParOldGen       total 317952K, used 216087K [0x00000000c0000000, 0x00000000d3680000, 0x00000000eab00000)
  object space 317952K, 67% used [0x00000000c0000000,0x00000000cd305ed0,0x00000000d3680000)
 Metaspace       used 6508K, capacity 7280K, committed 7552K, reserved 1056768K
  class space    used 593K, capacity 616K, committed 640K, reserved 1048576K
Event: 8.722 GC heap after
Heap after GC invocations=21 (full 4):
 PSYoungGen      total 266752K, used 34215K [0x00000000eab00000, 0x0000000100000000, 0x0000000100000000)
  eden space 232448K, 0% used [0x00000000eab00000,0x00000000eab00000,0x00000000f8e00000)
  from space 34304K, 99% used [0x00000000f8e00000,0x00000000faf69fb8,0x00000000faf80000)
  to   space 59392K, 0% used [0x00000000fc600000,0x00000000fc600000,0x0000000100000000)
 ParOldGen       total 317952K, used 221367K [0x00000000c0000000, 0x00000000d3680000, 0x00000000eab00000)
  object space 317952K, 69% used [0x00000000c0000000,0x00000000cd82ded0,0x00000000d3680000)
 Metaspace       used 6508K, capacity 7280K, committed 7552K, reserved 1056768K
  class space    used 593K, capacity 616K, committed 640K, reserved 1048576K
}
Event: 9.458 GC heap before
{Heap before GC invocations=22 (full 4):
 PSYoungGen      total 266752K, used 266663K [0x00000000eab00000, 0x0000000100000000, 0x0000000100000000)
  eden space 232448K, 100% used [0x00000000eab00000,0x00000000f8e00000,0x00000000f8e00000)
  from space 34304K, 99% used [0x00000000f8e00000,0x00000000faf69fb8,0x00000000faf80000)
  to   space 59392K, 0% used [0x00000000fc600000,0x00000000fc600000,0x0000000100000000)
 ParOldGen       total 317952K, used 221367K [0x00000000c0000000, 0x00000000d3680000, 0x00000000eab00000)
  object space 317952K, 69% used [0x00000000c0000000,0x00000000cd82ded0,0x00000000d3680000)
 Metaspace       used 6511K, capacity 7280K, committed 7552K, reserved 1056768K
  class space    used 593K, capacity 616K, committed 640K, reserved 1048576K
Event: 9.510 GC heap after
Heap after GC invocations=22 (full 4):
 PSYoungGen      total 263168K, used 59391K [0x00000000eab00000, 0x0000000100000000, 0x0000000100000000)
  eden space 203776K, 0% used [0x00000000eab00000,0x00000000eab00000,0x00000000f7200000)
  from space 59392K, 99% used [0x00000000fc600000,0x00000000ffffff90,0x0000000100000000)
  to   space 72704K, 0% used [0x00000000f7200000,0x00000000f7200000,0x00000000fb900000)
 ParOldGen       total 317952K, used 230875K [0x00000000c0000000, 0x00000000d3680000, 0x00000000eab00000)
  object space 317952K, 72% used [0x00000000c0000000,0x00000000ce176d00,0x00000000d3680000)
 Metaspace       used 6511K, capacity 7280K, committed 7552K, reserved 1056768K
  class space    used 593K, capacity 616K, committed 640K, reserved 1048576K
}
Event: 10.227 GC heap before
{Heap before GC invocations=23 (full 4):
 PSYoungGen      total 263168K, used 263167K [0x00000000eab00000, 0x0000000100000000, 0x0000000100000000)
  eden space 203776K, 100% used [0x00000000eab00000,0x00000000f7200000,0x00000000f7200000)
  from space 59392K, 99% used [0x00000000fc600000,0x00000000ffffff90,0x0000000100000000)
  to   space 72704K, 0% used [0x00000000f7200000,0x00000000f7200000,0x00000000fb900000)
 ParOldGen       total 317952K, used 230875K [0x00000000c0000000, 0x00000000d3680000, 0x00000000eab00000)
  object space 317952K, 72% used [0x00000000c0000000,0x00000000ce176d00,0x00000000d3680000)
 Metaspace       used 6514K, capacity 7280K, committed 7552K, reserved 1056768K
  class space    used 593K, capacity 616K, committed 640K, reserved 1048576K
Event: 10.345 GC heap after
Heap after GC invocations=23 (full 4):
 PSYoungGen      total 276480K, used 34291K [0x00000000eab00000, 0x0000000100000000, 0x0000000100000000)
  eden space 203776K, 0% used [0x00000000eab00000,0x00000000eab00000,0x00000000f7200000)
  from space 72704K, 47% used [0x00000000f7200000,0x00000000f937cec0,0x00000000fb900000)
  to   space 70656K, 0% used [0x00000000fbb00000,0x00000000fbb00000,0x0000000100000000)
 ParOldGen       total 317952K, used 290494K [0x00000000c0000000, 0x00000000d3680000, 0x00000000eab00000)
  object space 317952K, 91% used [0x00000000c0000000,0x00000000d1baf930,0x00000000d3680000)
 Metaspace       used 6514K, capacity 7280K, committed 7552K, reserved 1056768K
  class space    used 593K, capacity 616K, committed 640K, reserved 1048576K
}
Event: 10.345 GC heap before
{Heap before GC invocations=24 (full 5):
 PSYoungGen      total 276480K, used 34291K [0x00000000eab00000, 0x0000000100000000, 0x0000000100000000)
  eden space 203776K, 0% used [0x00000000eab00000,0x00000000eab00000,0x00000000f7200000)
  from space 72704K, 47% used [0x00000000f7200000,0x00000000f937cec0,0x00000000fb900000)
  to   space 70656K, 0% used [0x00000000fbb00000,0x00000000fbb00000,0x0000000100000000)
 ParOldGen       total 317952K, used 290494K [0x00000000c0000000, 0x00000000d3680000, 0x00000000eab00000)
  object space 317952K, 91% used [0x00000000c0000000,0x00000000d1baf930,0x00000000d3680000)
 Metaspace       used 6514K, capacity 7280K, committed 7552K, reserved 1056768K
  class space    used 593K, capacity 616K, committed 640K, reserved 1048576K

