# JRE version: OpenJDK Runtime Environment (8.0_66-b17) (build 1.8.0_66-b17)
# Java VM: OpenJDK 64-Bit Server VM (25.66-b17 mixed mode linux-amd64 compressed oops)
Heap:
 PSYoungGen      total 229376K, used 47296K [0x00000000eab00000, 0x0000000100000000, 0x0000000100000000)
  eden space 152576K, 0% used [0x00000000eab00000,0x00000000eab00000,0x00000000f4000000)
  from space 76800K, 61% used [0x00000000fb500000,0x00000000fe3302c8,0x0000000100000000)
  to   space 98304K, 0% used [0x00000000f4000000,0x00000000f4000000,0x00000000fa000000)
 ParOldGen       total 313344K, used 313195K [0x00000000c0000000, 0x00000000d3200000, 0x00000000eab00000)
  object space 313344K, 99% used [0x00000000c0000000,0x00000000d31dae20,0x00000000d3200000)
 Metaspace       used 6546K, capacity 7280K, committed 7552K, reserved 1056768K
  class space    used 594K, capacity 616K, committed 640K, reserved 1048576K
GC Heap History (10 events):
Event: 13.213 GC heap after
Heap after GC invocations=20 (full 4):
 PSYoungGen      total 262144K, used 23773K [0x00000000eab00000, 0x0000000100000000, 0x0000000100000000)
  eden space 210944K, 0% used [0x00000000eab00000,0x00000000eab00000,0x00000000f7900000)
  from space 51200K, 46% used [0x00000000fce00000,0x00000000fe5374b8,0x0000000100000000)
  to   space 69120K, 0% used [0x00000000f7900000,0x00000000f7900000,0x00000000fbc80000)
 ParOldGen       total 313344K, used 212099K [0x00000000c0000000, 0x00000000d3200000, 0x00000000eab00000)
  object space 313344K, 67% used [0x00000000c0000000,0x00000000ccf20c10,0x00000000d3200000)
 Metaspace       used 6529K, capacity 7280K, committed 7552K, reserved 1056768K
  class space    used 593K, capacity 616K, committed 640K, reserved 1048576K
}
Event: 14.068 GC heap before
{Heap before GC invocations=21 (full 4):
 PSYoungGen      total 262144K, used 234717K [0x00000000eab00000, 0x0000000100000000, 0x0000000100000000)
  eden space 210944K, 100% used [0x00000000eab00000,0x00000000f7900000,0x00000000f7900000)
  from space 51200K, 46% used [0x00000000fce00000,0x00000000fe5374b8,0x0000000100000000)
  to   space 69120K, 0% used [0x00000000f7900000,0x00000000f7900000,0x00000000fbc80000)
 ParOldGen       total 313344K, used 212100K [0x00000000c0000000, 0x00000000d3200000, 0x00000000eab00000)
  object space 313344K, 67% used [0x00000000c0000000,0x00000000ccf21178,0x00000000d3200000)
 Metaspace       used 6540K, capacity 7280K, committed 7552K, reserved 1056768K
  class space    used 593K, capacity 616K, committed 640K, reserved 1048576K
Event: 14.189 GC heap after
Heap after GC invocations=21 (full 4):
 PSYoungGen      total 280064K, used 31920K [0x00000000eab00000, 0x0000000100000000, 0x0000000100000000)
  eden space 210944K, 0% used [0x00000000eab00000,0x00000000eab00000,0x00000000f7900000)
  from space 69120K, 46% used [0x00000000f7900000,0x00000000f982c0b0,0x00000000fbc80000)
  to   space 67072K, 0% used [0x00000000fbe80000,0x00000000fbe80000,0x0000000100000000)
 ParOldGen       total 313344K, used 236016K [0x00000000c0000000, 0x00000000d3200000, 0x00000000eab00000)
  object space 313344K, 75% used [0x00000000c0000000,0x00000000ce67c0b8,0x00000000d3200000)
 Metaspace       used 6540K, capacity 7280K, committed 7552K, reserved 1056768K
  class space    used 593K, capacity 616K, committed 640K, reserved 1048576K
}
Event: 15.457 GC heap before
{Heap before GC invocations=22 (full 4):
 PSYoungGen      total 280064K, used 242864K [0x00000000eab00000, 0x0000000100000000, 0x0000000100000000)
  eden space 210944K, 100% used [0x00000000eab00000,0x00000000f7900000,0x00000000f7900000)
  from space 69120K, 46% used [0x00000000f7900000,0x00000000f982c0b0,0x00000000fbc80000)
  to   space 67072K, 0% used [0x00000000fbe80000,0x00000000fbe80000,0x0000000100000000)
 ParOldGen       total 313344K, used 236016K [0x00000000c0000000, 0x00000000d3200000, 0x00000000eab00000)
  object space 313344K, 75% used [0x00000000c0000000,0x00000000ce67c0b8,0x00000000d3200000)
 Metaspace       used 6540K, capacity 7280K, committed 7552K, reserved 1056768K
  class space    used 593K, capacity 616K, committed 640K, reserved 1048576K
Event: 15.527 GC heap after
Heap after GC invocations=22 (full 4):
 PSYoungGen      total 262656K, used 63661K [0x00000000eab00000, 0x0000000100000000, 0x0000000100000000)
  eden space 195584K, 0% used [0x00000000eab00000,0x00000000eab00000,0x00000000f6a00000)
  from space 67072K, 94% used [0x00000000fbe80000,0x00000000ffcab6f8,0x0000000100000000)
  to   space 76800K, 0% used [0x00000000f6a00000,0x00000000f6a00000,0x00000000fb500000)
 ParOldGen       total 313344K, used 236016K [0x00000000c0000000, 0x00000000d3200000, 0x00000000eab00000)
  object space 313344K, 75% used [0x00000000c0000000,0x00000000ce67c0b8,0x00000000d3200000)
 Metaspace       used 6540K, capacity 7280K, committed 7552K, reserved 1056768K
  class space    used 593K, capacity 616K, committed 640K, reserved 1048576K
}
Event: 16.509 GC heap before
{Heap before GC invocations=23 (full 4):
 PSYoungGen      total 262656K, used 259245K [0x00000000eab00000, 0x0000000100000000, 0x0000000100000000)
  eden space 195584K, 100% used [0x00000000eab00000,0x00000000f6a00000,0x00000000f6a00000)
  from space 67072K, 94% used [0x00000000fbe80000,0x00000000ffcab6f8,0x0000000100000000)
  to   space 76800K, 0% used [0x00000000f6a00000,0x00000000f6a00000,0x00000000fb500000)
 ParOldGen       total 313344K, used 236016K [0x00000000c0000000, 0x00000000d3200000, 0x00000000eab00000)
  object space 313344K, 75% used [0x00000000c0000000,0x00000000ce67c0b8,0x00000000d3200000)
 Metaspace       used 6544K, capacity 7280K, committed 7552K, reserved 1056768K
  class space    used 594K, capacity 616K, committed 640K, reserved 1048576K
Event: 16.608 GC heap after
Heap after GC invocations=23 (full 4):
 PSYoungGen      total 272384K, used 76786K [0x00000000eab00000, 0x0000000100000000, 0x0000000100000000)
  eden space 195584K, 0% used [0x00000000eab00000,0x00000000eab00000,0x00000000f6a00000)
  from space 76800K, 99% used [0x00000000f6a00000,0x00000000fb4fc940,0x00000000fb500000)
  to   space 76800K, 0% used [0x00000000fb500000,0x00000000fb500000,0x0000000100000000)
 ParOldGen       total 313344K, used 256340K [0x00000000c0000000, 0x00000000d3200000, 0x00000000eab00000)
  object space 313344K, 81% used [0x00000000c0000000,0x00000000cfa553b0,0x00000000d3200000)
 Metaspace       used 6544K, capacity 7280K, committed 7552K, reserved 1056768K
  class space    used 594K, capacity 616K, committed 640K, reserved 1048576K
}
Event: 116.041 GC heap before
{Heap before GC invocations=24 (full 4):
 PSYoungGen      total 272384K, used 272370K [0x00000000eab00000, 0x0000000100000000, 0x0000000100000000)
  eden space 195584K, 100% used [0x00000000eab00000,0x00000000f6a00000,0x00000000f6a00000)
  from space 76800K, 99% used [0x00000000f6a00000,0x00000000fb4fc940,0x00000000fb500000)
  to   space 76800K, 0% used [0x00000000fb500000,0x00000000fb500000,0x0000000100000000)
 ParOldGen       total 313344K, used 256340K [0x00000000c0000000, 0x00000000d3200000, 0x00000000eab00000)
  object space 313344K, 81% used [0x00000000c0000000,0x00000000cfa553b0,0x00000000d3200000)
 Metaspace       used 6546K, capacity 7280K, committed 7552K, reserved 1056768K
  class space    used 594K, capacity 616K, committed 640K, reserved 1048576K
Event: 120.541 GC heap after
Heap after GC invocations=24 (full 4):
 PSYoungGen      total 229376K, used 55368K [0x00000000eab00000, 0x0000000100000000, 0x0000000100000000)
  eden space 152576K, 0% used [0x00000000eab00000,0x00000000eab00000,0x00000000f4000000)
  from space 76800K, 72% used [0x00000000fb500000,0x00000000feb12240,0x0000000100000000)
  to   space 98304K, 0% used [0x00000000f4000000,0x00000000f4000000,0x00000000fa000000)
 ParOldGen       total 313344K, used 311614K [0x00000000c0000000, 0x00000000d3200000, 0x00000000eab00000)
  object space 313344K, 99% used [0x00000000c0000000,0x00000000d304fa60,0x00000000d3200000)
 Metaspace       used 6546K, capacity 7280K, committed 7552K, reserved 1056768K
  class space    used 594K, capacity 616K, committed 640K, reserved 1048576K
}
Event: 120.609 GC heap before
{Heap before GC invocations=25 (full 5):
 PSYoungGen      total 229376K, used 55368K [0x00000000eab00000, 0x0000000100000000, 0x0000000100000000)
  eden space 152576K, 0% used [0x00000000eab00000,0x00000000eab00000,0x00000000f4000000)
  from space 76800K, 72% used [0x00000000fb500000,0x00000000feb12240,0x0000000100000000)
  to   space 98304K, 0% used [0x00000000f4000000,0x00000000f4000000,0x00000000fa000000)
 ParOldGen       total 313344K, used 311614K [0x00000000c0000000, 0x00000000d3200000, 0x00000000eab00000)
  object space 313344K, 99% used [0x00000000c0000000,0x00000000d304fa60,0x00000000d3200000)
 Metaspace       used 6546K, capacity 7280K, committed 7552K, reserved 1056768K
  class space    used 594K, capacity 616K, committed 640K, reserved 1048576K

